[18:57:02] [ServerMain/INFO]: [bootstrap] Running Java 21 (OpenJDK 64-Bit Server VM 21.0.7+6-Ubuntu-0ubuntu124.04; Ubuntu null) on Linux 6.8.0-1030-azure (amd64)
[18:57:02] [ServerMain/INFO]: [bootstrap] Loading Paper 1.21.4-232-ver/1.21.4@12d8fe0 (2025-06-09T10:15:42Z) for Minecraft 1.21.4
[18:57:02] [ServerMain/INFO]: [PluginInitializerManager] Initializing plugins...
[18:57:05] [ServerMain/INFO]: [PluginInitializerManager] Initialized 2 plugins
[18:57:05] [ServerMain/INFO]: [PluginInitializerManager] Bukkit plugins (2):
 - Chunky (1.4.40), floodgate (2.2.4-SNAPSHOT (b118-40d320a))
[18:57:12] [ServerMain/INFO]: Environment: Environment[sessionHost=https://sessionserver.mojang.com, servicesHost=https://api.minecraftservices.com, name=PROD]
[18:57:18] [ServerMain/INFO]: Loaded 1376 recipes
[18:57:18] [ServerMain/INFO]: Loaded 1484 advancements
[18:57:18] [ServerMain/INFO]: [MCTypeRegistry] Initialising converters for DataConverter...
[18:57:18] [ServerMain/INFO]: [MCTypeRegistry] Finished initialising converters for DataConverter in 324.7ms
[18:57:18] [Server thread/INFO]: Starting minecraft server version 1.21.4
[18:57:18] [Server thread/INFO]: Loading properties
[18:57:18] [Server thread/INFO]: This server is running Paper version 1.21.4-232-ver/1.21.4@12d8fe0 (2025-06-09T10:15:42Z) (Implementing API version 1.21.4-R0.1-SNAPSHOT)
[18:57:19] [Server thread/INFO]: [spark] This server bundles the spark profiler. For more information please visit https://docs.papermc.io/paper/profiling
[18:57:19] [Server thread/INFO]: Server Ping Player Sample Count: 12
[18:57:19] [Server thread/INFO]: Using 4 threads for Netty based IO
[18:57:20] [Server thread/INFO]: [MoonriseCommon] Paper is using 1 worker threads, 1 I/O threads
[18:57:20] [Server thread/INFO]: [ChunkTaskScheduler] Chunk system is using population gen parallelism: true
[18:57:21] [Server thread/INFO]: Default game type: SURVIVAL
[18:57:21] [Server thread/INFO]: Generating keypair
[18:57:21] [Server thread/INFO]: Starting Minecraft server on *:25565
[18:57:21] [Server thread/INFO]: Using epoll channel type
[18:57:21] [Server thread/INFO]: Paper: Using libdeflate (Linux x86_64) compression from Velocity.
[18:57:21] [Server thread/INFO]: Paper: Using OpenSSL 3.x.x (Linux x86_64) cipher from Velocity.
[18:57:21] [Server thread/INFO]: [Chunky] Loading server plugin Chunky v1.4.40
[18:57:21] [Server thread/INFO]: [floodgate] Loading server plugin floodgate v2.2.4-SNAPSHOT (b118-40d320a)
[18:57:23] [Server thread/WARN]: [floodgate] en_ is not a supported Floodgate language.
[18:57:23] [Server thread/INFO]: [floodgate] Took 1,937ms to boot Floodgate
[18:57:23] [Server thread/INFO]: Server permissions file permissions.yml is empty, ignoring it
[18:57:23] [Server thread/WARN]: **** SERVER IS RUNNING IN OFFLINE/INSECURE MODE!
[18:57:23] [Server thread/WARN]: The server will make no attempt to authenticate usernames. Beware.
[18:57:23] [Server thread/WARN]: Whilst this makes it possible to use BungeeCord, unless access to your server is properly restricted, it also opens up the ability for hackers to connect with any username they choose.
[18:57:23] [Server thread/WARN]: Please see http://www.spigotmc.org/wiki/firewall-guide/ for further information.
[18:57:23] [Server thread/WARN]: To change this, set "online-mode" to "true" in the server.properties file.
[18:57:23] [Server thread/INFO]: Preparing level "world"
[18:57:24] [Server thread/INFO]: Preparing start region for dimension minecraft:overworld
[18:57:25] [Server thread/INFO]: Preparing spawn area: 0%
[18:57:25] [Server thread/INFO]: Preparing spawn area: 0%
[18:57:27] [Server thread/INFO]: Preparing spawn area: 0%
[18:57:27] [Server thread/INFO]: Preparing spawn area: 0%
[18:57:27] [Server thread/INFO]: Preparing spawn area: 0%
[18:57:27] [Server thread/INFO]: Time elapsed: 2237 ms
[18:57:27] [Server thread/INFO]: Preparing start region for dimension minecraft:the_nether
[18:57:27] [Server thread/INFO]: Preparing spawn area: 0%
[18:57:27] [Server thread/INFO]: Time elapsed: 421 ms
[18:57:27] [Server thread/INFO]: Preparing start region for dimension minecraft:the_end
[18:57:27] [Server thread/INFO]: Preparing spawn area: 0%
[18:57:27] [Server thread/INFO]: Time elapsed: 144 ms
[18:57:27] [Server thread/INFO]: [Chunky] Enabling Chunky v1.4.40
[18:57:28] [Server thread/INFO]: [floodgate] Enabling floodgate v2.2.4-SNAPSHOT (b118-40d320a)
[18:57:29] [Server thread/INFO]: [spark] Starting background profiler...
[18:57:30] [Server thread/INFO]: Done preparing level "world" (6.609s)
[18:57:30] [Server thread/INFO]: Running delayed init tasks
[18:57:30] [Server thread/INFO]: Done (29.670s)! For help, type "help"
[18:58:30] [Server thread/INFO]: Server empty for 60 seconds, pausing
